<?xml version="1.0" encoding="UTF-8"?>
<testsuite xmlns:xsi="http://www.w3.org/2001/XMLSchema-instance" xsi:noNamespaceSchemaLocation="https://maven.apache.org/surefire/maven-surefire-plugin/xsd/surefire-test-report-3.0.xsd" version="3.0" name="org.example.professional_events.ProfessionalEventsApplicationTests" time="13.647" tests="1" errors="0" skipped="0" failures="0">
  <properties>
[...]
</properties>
  <testcase name="contextLoads" classname="org.example.professional_events.ProfessionalEventsApplicationTests" time="0.66">
    <system-out><![CDATA[19:42:42.414 [main] INFO org.springframework.test.context.support.AnnotationConfigContextLoaderUtils -- Could not detect default configuration classes for test class [org.example.professional_events.ProfessionalEventsApplicationTests]: ProfessionalEventsApplicationTests does not declare any static, non-private, non-final, nested classes annotated with @Configuration.
19:42:42.556 [main] INFO org.springframework.boot.test.context.SpringBootTestContextBootstrapper -- Found @SpringBootConfiguration org.example.professional_events.ProfessionalEventsApplication for test class org.example.professional_events.ProfessionalEventsApplicationTests
19:42:42.818 [main] INFO org.springframework.boot.devtools.restart.RestartApplicationListener -- Restart disabled due to context in which it is running

  .   ____          _            __ _ _
 /\\ / ___'_ __ _ _(_)_ __  __ _ \ \ \ \
( ( )\___ | '_ | '_| | '_ \/ _` | \ \ \ \
 \\/  ___)| |_)| | | | | || (_| |  ) ) ) )
  '  |____| .__|_| |_|_| |_\__, | / / / /
 =========|_|==============|___/=/_/_/_/
 :: Spring Boot ::                (v3.2.0)

2026-04-11T19:42:43.780+02:00  INFO 27372 --- [competitions-service] [           main] o.e.p.ProfessionalEventsApplicationTests : Starting ProfessionalEventsApplicationTests using Java 17.0.17 with PID 27372 (started by DELL in C:\Users\DELL\Desktop\wetransfer_pi_4eme-template-rar_2026-02-23_2049\Professional Events)
2026-04-11T19:42:43.782+02:00  INFO 27372 --- [competitions-service] [           main] o.e.p.ProfessionalEventsApplicationTests : No active profile set, falling back to 1 default profile: "default"
2026-04-11T19:42:45.245+02:00  INFO 27372 --- [competitions-service] [           main] .s.d.r.c.RepositoryConfigurationDelegate : Bootstrapping Spring Data JPA repositories in DEFAULT mode.
2026-04-11T19:42:45.603+02:00  INFO 27372 --- [competitions-service] [           main] .s.d.r.c.RepositoryConfigurationDelegate : Finished Spring Data repository scanning in 321 ms. Found 17 JPA repository interfaces.
2026-04-11T19:42:46.224+02:00  INFO 27372 --- [competitions-service] [           main] o.s.cloud.context.scope.GenericScope     : BeanFactory id=3eeba63a-bd00-3bf9-9fa4-ef0409c54f3d
2026-04-11T19:42:46.577+02:00  WARN 27372 --- [competitions-service] [           main] trationDelegate$BeanPostProcessorChecker : Bean 'org.springframework.cloud.client.loadbalancer.LoadBalancerAutoConfiguration$LoadBalancerInterceptorConfig' of type [org.springframework.cloud.client.loadbalancer.LoadBalancerAutoConfiguration$LoadBalancerInterceptorConfig] is not eligible for getting processed by all BeanPostProcessors (for example: not eligible for auto-proxying). The currently created BeanPostProcessor [lbRestClientPostProcessor] is declared through a non-static factory method on that class; consider declaring it as static instead.
2026-04-11T19:42:46.583+02:00  WARN 27372 --- [competitions-service] [           main] trationDelegate$BeanPostProcessorChecker : Bean 'org.springframework.cloud.loadbalancer.config.BlockingLoadBalancerClientAutoConfiguration' of type [org.springframework.cloud.loadbalancer.config.BlockingLoadBalancerClientAutoConfiguration] is not eligible for getting processed by all BeanPostProcessors (for example: not eligible for auto-proxying). Is this bean getting eagerly injected into a currently created BeanPostProcessor [lbRestClientPostProcessor]? Check the corresponding BeanPostProcessor declaration and its dependencies.
2026-04-11T19:42:46.587+02:00  WARN 27372 --- [competitions-service] [           main] trationDelegate$BeanPostProcessorChecker : Bean 'org.springframework.cloud.loadbalancer.config.LoadBalancerAutoConfiguration' of type [org.springframework.cloud.loadbalancer.config.LoadBalancerAutoConfiguration] is not eligible for getting processed by all BeanPostProcessors (for example: not eligible for auto-proxying). Is this bean getting eagerly injected into a currently created BeanPostProcessor [lbRestClientPostProcessor]? Check the corresponding BeanPostProcessor declaration and its dependencies.
2026-04-11T19:42:46.604+02:00  WARN 27372 --- [competitions-service] [           main] trationDelegate$BeanPostProcessorChecker : Bean 'org.springframework.cloud.commons.config.CommonsConfigAutoConfiguration' of type [org.springframework.cloud.commons.config.CommonsConfigAutoConfiguration] is not eligible for getting processed by all BeanPostProcessors (for example: not eligible for auto-proxying). Is this bean getting eagerly injected into a currently created BeanPostProcessor [lbRestClientPostProcessor]? Check the corresponding BeanPostProcessor declaration and its dependencies.
2026-04-11T19:42:46.609+02:00  WARN 27372 --- [competitions-service] [           main] trationDelegate$BeanPostProcessorChecker : Bean 'org.springframework.cloud.client.loadbalancer.LoadBalancerDefaultMappingsProviderAutoConfiguration' of type [org.springframework.cloud.client.loadbalancer.LoadBalancerDefaultMappingsProviderAutoConfiguration] is not eligible for getting processed by all BeanPostProcessors (for example: not eligible for auto-proxying). Is this bean getting eagerly injected into a currently created BeanPostProcessor [lbRestClientPostProcessor]? Check the corresponding BeanPostProcessor declaration and its dependencies.
2026-04-11T19:42:46.611+02:00  WARN 27372 --- [competitions-service] [           main] trationDelegate$BeanPostProcessorChecker : Bean 'loadBalancerClientsDefaultsMappingsProvider' of type [org.springframework.cloud.client.loadbalancer.LoadBalancerDefaultMappingsProviderAutoConfiguration$$Lambda$960/0x0000010e66457110] is not eligible for getting processed by all BeanPostProcessors (for example: not eligible for auto-proxying). Is this bean getting eagerly injected into a currently created BeanPostProcessor [lbRestClientPostProcessor]? Check the corresponding BeanPostProcessor declaration and its dependencies.
2026-04-11T19:42:46.613+02:00  WARN 27372 --- [competitions-service] [           main] trationDelegate$BeanPostProcessorChecker : Bean 'defaultsBindHandlerAdvisor' of type [org.springframework.cloud.commons.config.DefaultsBindHandlerAdvisor] is not eligible for getting processed by all BeanPostProcessors (for example: not eligible for auto-proxying). Is this bean getting eagerly injected into a currently created BeanPostProcessor [lbRestClientPostProcessor]? Check the corresponding BeanPostProcessor declaration and its dependencies.
2026-04-11T19:42:46.623+02:00  WARN 27372 --- [competitions-service] [           main] trationDelegate$BeanPostProcessorChecker : Bean 'spring.cloud.loadbalancer-org.springframework.cloud.client.loadbalancer.LoadBalancerClientsProperties' of type [org.springframework.cloud.client.loadbalancer.LoadBalancerClientsProperties] is not eligible for getting processed by all BeanPostProcessors (for example: not eligible for auto-proxying). Is this bean getting eagerly injected into a currently created BeanPostProcessor [lbRestClientPostProcessor]? Check the corresponding BeanPostProcessor declaration and its dependencies.
2026-04-11T19:42:46.631+02:00  WARN 27372 --- [competitions-service] [           main] trationDelegate$BeanPostProcessorChecker : Bean 'default.org.springframework.cloud.loadbalancer.config.LoadBalancerAutoConfiguration.LoadBalancerClientSpecification' of type [org.springframework.cloud.loadbalancer.annotation.LoadBalancerClientSpecification] is not eligible for getting processed by all BeanPostProcessors (for example: not eligible for auto-proxying). Is this bean getting eagerly injected into a currently created BeanPostProcessor [lbRestClientPostProcessor]? Check the corresponding BeanPostProcessor declaration and its dependencies.
2026-04-11T19:42:46.634+02:00  WARN 27372 --- [competitions-service] [           main] trationDelegate$BeanPostProcessorChecker : Bean 'default.org.springframework.cloud.loadbalancer.config.BlockingLoadBalancerClientAutoConfiguration.LoadBalancerClientSpecification' of type [org.springframework.cloud.loadbalancer.annotation.LoadBalancerClientSpecification] is not eligible for getting processed by all BeanPostProcessors (for example: not eligible for auto-proxying). Is this bean getting eagerly injected into a currently created BeanPostProcessor [lbRestClientPostProcessor]? Check the corresponding BeanPostProcessor declaration and its dependencies.
2026-04-11T19:42:46.635+02:00  WARN 27372 --- [competitions-service] [           main] trationDelegate$BeanPostProcessorChecker : Bean 'default.org.springframework.cloud.netflix.eureka.loadbalancer.LoadBalancerEurekaAutoConfiguration.LoadBalancerClientSpecification' of type [org.springframework.cloud.loadbalancer.annotation.LoadBalancerClientSpecification] is not eligible for getting processed by all BeanPostProcessors (for example: not eligible for auto-proxying). Is this bean getting eagerly injected into a currently created BeanPostProcessor [lbRestClientPostProcessor]? Check the corresponding BeanPostProcessor declaration and its dependencies.
2026-04-11T19:42:46.637+02:00  WARN 27372 --- [competitions-service] [           main] trationDelegate$BeanPostProcessorChecker : Bean 'loadBalancerClientFactory' of type [org.springframework.cloud.loadbalancer.support.LoadBalancerClientFactory] is not eligible for getting processed by all BeanPostProcessors (for example: not eligible for auto-proxying). Is this bean getting eagerly injected into a currently created BeanPostProcessor [lbRestClientPostProcessor]? Check the corresponding BeanPostProcessor declaration and its dependencies.
2026-04-11T19:42:46.643+02:00  WARN 27372 --- [competitions-service] [           main] trationDelegate$BeanPostProcessorChecker : Bean 'blockingLoadBalancerClient' of type [org.springframework.cloud.loadbalancer.blocking.client.BlockingLoadBalancerClient] is not eligible for getting processed by all BeanPostProcessors (for example: not eligible for auto-proxying). Is this bean getting eagerly injected into a currently created BeanPostProcessor [lbRestClientPostProcessor]? Check the corresponding BeanPostProcessor declaration and its dependencies.
2026-04-11T19:42:46.652+02:00  WARN 27372 --- [competitions-service] [           main] trationDelegate$BeanPostProcessorChecker : Bean 'loadBalancerServiceInstanceCookieTransformer' of type [org.springframework.cloud.loadbalancer.core.LoadBalancerServiceInstanceCookieTransformer] is not eligible for getting processed by all BeanPostProcessors (for example: not eligible for auto-proxying). Is this bean getting eagerly injected into a currently created BeanPostProcessor [lbRestClientPostProcessor]? Check the corresponding BeanPostProcessor declaration and its dependencies.
2026-04-11T19:42:46.654+02:00  WARN 27372 --- [competitions-service] [           main] trationDelegate$BeanPostProcessorChecker : Bean 'xForwarderHeadersTransformer' of type [org.springframework.cloud.loadbalancer.blocking.XForwardedHeadersTransformer] is not eligible for getting processed by all BeanPostProcessors (for example: not eligible for auto-proxying). Is this bean getting eagerly injected into a currently created BeanPostProcessor [lbRestClientPostProcessor]? Check the corresponding BeanPostProcessor declaration and its dependencies.
2026-04-11T19:42:46.656+02:00  WARN 27372 --- [competitions-service] [           main] trationDelegate$BeanPostProcessorChecker : Bean 'org.springframework.cloud.client.loadbalancer.LoadBalancerAutoConfiguration' of type [org.springframework.cloud.client.loadbalancer.LoadBalancerAutoConfiguration] is not eligible for getting processed by all BeanPostProcessors (for example: not eligible for auto-proxying). Is this bean getting eagerly injected into a currently created BeanPostProcessor [lbRestClientPostProcessor]? Check the corresponding BeanPostProcessor declaration and its dependencies.
2026-04-11T19:42:46.661+02:00  WARN 27372 --- [competitions-service] [           main] trationDelegate$BeanPostProcessorChecker : Bean 'loadBalancerRequestFactory' of type [org.springframework.cloud.client.loadbalancer.LoadBalancerRequestFactory] is not eligible for getting processed by all BeanPostProcessors (for example: not eligible for auto-proxying). Is this bean getting eagerly injected into a currently created BeanPostProcessor [lbRestClientPostProcessor]? Check the corresponding BeanPostProcessor declaration and its dependencies.
2026-04-11T19:42:46.663+02:00  WARN 27372 --- [competitions-service] [           main] trationDelegate$BeanPostProcessorChecker : Bean 'loadBalancerInterceptor' of type [org.springframework.cloud.client.loadbalancer.LoadBalancerInterceptor] is not eligible for getting processed by all BeanPostProcessors (for example: not eligible for auto-proxying). Is this bean getting eagerly injected into a currently created BeanPostProcessor [lbRestClientPostProcessor]? Check the corresponding BeanPostProcessor declaration and its dependencies.
2026-04-11T19:42:47.020+02:00  INFO 27372 --- [competitions-service] [           main] o.hibernate.jpa.internal.util.LogHelper  : HHH000204: Processing PersistenceUnitInfo [name: default]
2026-04-11T19:42:47.177+02:00  INFO 27372 --- [competitions-service] [           main] org.hibernate.Version                    : HHH000412: Hibernate ORM core version 6.3.1.Final
2026-04-11T19:42:47.264+02:00  INFO 27372 --- [competitions-service] [           main] o.h.c.internal.RegionFactoryInitiator    : HHH000026: Second-level cache disabled
2026-04-11T19:42:47.832+02:00  INFO 27372 --- [competitions-service] [           main] o.s.o.j.p.SpringPersistenceUnitInfo      : No LoadTimeWeaver setup: ignoring JPA class transformer
2026-04-11T19:42:47.872+02:00  INFO 27372 --- [competitions-service] [           main] com.zaxxer.hikari.HikariDataSource       : HikariPool-1 - Starting...
2026-04-11T19:42:48.128+02:00  INFO 27372 --- [competitions-service] [           main] com.zaxxer.hikari.pool.HikariPool        : HikariPool-1 - Added connection com.mysql.cj.jdbc.ConnectionImpl@59a5bb61
2026-04-11T19:42:48.131+02:00  INFO 27372 --- [competitions-service] [           main] com.zaxxer.hikari.HikariDataSource       : HikariPool-1 - Start completed.
2026-04-11T19:42:48.183+02:00  WARN 27372 --- [competitions-service] [           main] org.hibernate.dialect.Dialect            : HHH000511: The 5.5.0 version for [org.hibernate.dialect.MySQLDialect] is no longer supported, hence certain features may not work properly. The minimum supported version is 5.7.0. Check the community dialects project for available legacy versions.
2026-04-11T19:42:48.188+02:00  WARN 27372 --- [competitions-service] [           main] org.hibernate.orm.deprecation            : HHH90000025: MySQLDialect does not need to be specified explicitly using 'hibernate.dialect' (remove the property setting and it will be selected by default)
2026-04-11T19:42:49.663+02:00  INFO 27372 --- [competitions-service] [           main] o.h.e.t.j.p.i.JtaPlatformInitiator       : HHH000489: No JTA platform available (set 'hibernate.transaction.jta.platform' to enable JTA platform integration)
2026-04-11T19:42:49.668+02:00  INFO 27372 --- [competitions-service] [           main] j.LocalContainerEntityManagerFactoryBean : Initialized JPA EntityManagerFactory for persistence unit 'default'
2026-04-11T19:42:51.459+02:00  WARN 27372 --- [competitions-service] [           main] JpaBaseConfiguration$JpaWebConfiguration : spring.jpa.open-in-view is enabled by default. Therefore, database queries may be performed during view rendering. Explicitly configure spring.jpa.open-in-view to disable this warning
2026-04-11T19:42:51.496+02:00  WARN 27372 --- [competitions-service] [           main] .s.s.UserDetailsServiceAutoConfiguration : 

Using generated security password: 4ad8116f-8e4d-478e-a6d7-746f68490d8b

This generated password is for development use only. Your security configuration must be updated before running your application in production.

2026-04-11T19:42:52.154+02:00  INFO 27372 --- [competitions-service] [           main] o.s.s.web.DefaultSecurityFilterChain     : Will secure any request with [org.springframework.security.web.session.DisableEncodeUrlFilter@3de507af, org.springframework.security.web.context.request.async.WebAsyncManagerIntegrationFilter@349504d5, org.springframework.security.web.context.SecurityContextHolderFilter@5d16bb07, org.springframework.security.web.header.HeaderWriterFilter@3e1c566d, org.springframework.web.filter.CorsFilter@347770a9, org.springframework.security.web.authentication.logout.LogoutFilter@2778a7c3, org.example.professional_events.security.JwtAuthenticationFilter@4246f904, org.springframework.security.web.savedrequest.RequestCacheAwareFilter@3612a60d, org.springframework.security.web.servletapi.SecurityContextHolderAwareRequestFilter@6347ebbc, org.springframework.security.web.authentication.AnonymousAuthenticationFilter@218e28d9, org.springframework.security.web.session.SessionManagementFilter@3d287f7c, org.springframework.security.web.access.ExceptionTranslationFilter@50cb64d5, org.springframework.security.web.access.intercept.AuthorizationFilter@8d0253b]
2026-04-11T19:42:53.709+02:00  INFO 27372 --- [competitions-service] [           main] DiscoveryClientOptionalArgsConfiguration : Eureka HTTP Client uses RestTemplate.
2026-04-11T19:42:54.309+02:00  WARN 27372 --- [competitions-service] [           main] iguration$LoadBalancerCaffeineWarnLogger : Spring Cloud LoadBalancer is currently working with the default cache. While this cache implementation is useful for development and tests, it's recommended to use Caffeine cache in production.You can switch to using Caffeine cache, by adding it and org.springframework.cache.caffeine.CaffeineCacheManager to the classpath.
2026-04-11T19:42:54.349+02:00  INFO 27372 --- [competitions-service] [           main] o.s.c.n.eureka.InstanceInfoFactory       : Setting initial instance status as: STARTING
2026-04-11T19:42:54.486+02:00  INFO 27372 --- [competitions-service] [           main] com.netflix.discovery.DiscoveryClient    : Initializing Eureka in region us-east-1
2026-04-11T19:42:54.492+02:00  INFO 27372 --- [competitions-service] [           main] c.n.d.s.r.aws.ConfigClusterResolver      : Resolving eureka endpoints via configuration
2026-04-11T19:42:54.521+02:00  INFO 27372 --- [competitions-service] [           main] com.netflix.discovery.DiscoveryClient    : Disable delta property : false
2026-04-11T19:42:54.521+02:00  INFO 27372 --- [competitions-service] [           main] com.netflix.discovery.DiscoveryClient    : Single vip registry refresh property : null
2026-04-11T19:42:54.521+02:00  INFO 27372 --- [competitions-service] [           main] com.netflix.discovery.DiscoveryClient    : Force full registry fetch : false
2026-04-11T19:42:54.521+02:00  INFO 27372 --- [competitions-service] [           main] com.netflix.discovery.DiscoveryClient    : Application is null : false
2026-04-11T19:42:54.521+02:00  INFO 27372 --- [competitions-service] [           main] com.netflix.discovery.DiscoveryClient    : Registered Applications size is zero : true
2026-04-11T19:42:54.521+02:00  INFO 27372 --- [competitions-service] [           main] com.netflix.discovery.DiscoveryClient    : Application version is -1: true
2026-04-11T19:42:54.521+02:00  INFO 27372 --- [competitions-service] [           main] com.netflix.discovery.DiscoveryClient    : Getting all instance registry info from the eureka server
2026-04-11T19:42:55.054+02:00  INFO 27372 --- [competitions-service] [           main] com.netflix.discovery.DiscoveryClient    : The response status is 200
2026-04-11T19:42:55.058+02:00  INFO 27372 --- [competitions-service] [           main] com.netflix.discovery.DiscoveryClient    : Starting heartbeat executor: renew interval is: 30
2026-04-11T19:42:55.061+02:00  INFO 27372 --- [competitions-service] [           main] c.n.discovery.InstanceInfoReplicator     : InstanceInfoReplicator onDemand update allowed rate per min is 4
2026-04-11T19:42:55.066+02:00  INFO 27372 --- [competitions-service] [           main] com.netflix.discovery.DiscoveryClient    : Discovery Client initialized at timestamp 1775929375065 with initial instances count: 3
2026-04-11T19:42:55.071+02:00  INFO 27372 --- [competitions-service] [           main] o.s.c.n.e.s.EurekaServiceRegistry        : Registering application COMPETITIONS-SERVICE with eureka with status UP
2026-04-11T19:42:55.072+02:00  INFO 27372 --- [competitions-service] [           main] com.netflix.discovery.DiscoveryClient    : Saw local status change event StatusChangeEvent [timestamp=1775929375072, current=UP, previous=STARTING]
2026-04-11T19:42:55.074+02:00  INFO 27372 --- [competitions-service] [nfoReplicator-0] com.netflix.discovery.DiscoveryClient    : DiscoveryClient_COMPETITIONS-SERVICE/DESKTOP-JD4PJU5:competitions-service:8087: registering service...
2026-04-11T19:42:55.076+02:00  INFO 27372 --- [competitions-service] [           main] o.s.m.s.b.SimpleBrokerMessageHandler     : Starting...
2026-04-11T19:42:55.078+02:00  INFO 27372 --- [competitions-service] [           main] o.s.m.s.b.SimpleBrokerMessageHandler     : BrokerAvailabilityEvent[available=true, SimpleBrokerMessageHandler [org.springframework.messaging.simp.broker.DefaultSubscriptionRegistry@611d867]]
2026-04-11T19:42:55.079+02:00  INFO 27372 --- [competitions-service] [           main] o.s.m.s.b.SimpleBrokerMessageHandler     : Started.
2026-04-11T19:42:55.092+02:00  INFO 27372 --- [competitions-service] [           main] o.e.p.ProfessionalEventsApplicationTests : Started ProfessionalEventsApplicationTests in 12.295 seconds (process running for 14.128)
2026-04-11T19:42:55.168+02:00  INFO 27372 --- [competitions-service] [nfoReplicator-0] com.netflix.discovery.DiscoveryClient    : DiscoveryClient_COMPETITIONS-SERVICE/DESKTOP-JD4PJU5:competitions-service:8087 - registration status: 204
]]></system-out>
  </testcase>
</testsuite>